<?xml version="1.0" encoding="UTF-8"?>
<!-- Generated by org.testng.reporters.JUnitXMLReporter -->
<testsuite ignored="0" hostname="MdFarman" failures="0" tests="5" name="Default test" time="22.518" errors="0" timestamp="2025-03-21T02:12:14 IST">
  <testcase classname="com.Xalts.Assignment.TestCases" name="Id1" time="3.19"/>
  <testcase classname="com.Xalts.Assignment.TestCases" name="Id2" time="0.994"/>
  <testcase classname="com.Xalts.Assignment.TestCases" name="Id3" time="0.95"/>
  <testcase classname="com.Xalts.Assignment.TestCases" name="Id4" time="5.768"/>
  <testcase classname="com.Xalts.Assignment.TestCases" name="Id5" time="3.359"/>
</testsuite> <!-- Default test -->
