<?xml version="1.0" encoding="UTF-8"?>
<!-- Generated by org.testng.reporters.JUnitXMLReporter -->
<testsuite ignored="0" hostname="MdFarman" failures="0" tests="5" name="Default test" time="20.833" errors="0" timestamp="2025-03-21T01:47:30 IST">
  <testcase classname="com.Xalts.Assignment.TestCases" name="Id1" time="2.885"/>
  <testcase classname="com.Xalts.Assignment.TestCases" name="Id2" time="0.82"/>
  <testcase classname="com.Xalts.Assignment.TestCases" name="Id3" time="0.889"/>
  <testcase classname="com.Xalts.Assignment.TestCases" name="Id4" time="5.353"/>
  <testcase classname="com.Xalts.Assignment.TestCases" name="Id5" time="3.083"/>
</testsuite> <!-- Default test -->
