<?xml version="1.0" encoding="UTF-8"?>
<testng-results ignored="0" total="5" passed="5" failed="0" skipped="0">
  <reporter-output>
  </reporter-output>
  <suite started-at="2025-03-21T02:11:51 IST" name="Default suite" finished-at="2025-03-21T02:12:14 IST" duration-ms="22518">
    <groups>
    </groups>
    <test started-at="2025-03-21T02:11:51 IST" name="Default test" finished-at="2025-03-21T02:12:14 IST" duration-ms="22518">
      <class name="com.Xalts.Assignment.TestCases">
        <test-method is-config="true" signature="setUp()[pri:0, instance:com.Xalts.Assignment.TestCases@436813f3]" started-at="2025-03-21T02:11:51 IST" name="setUp" finished-at="2025-03-21T02:11:53 IST" duration-ms="1961" status="PASS">
          <reporter-output>
          </reporter-output>
        </test-method> <!-- setUp -->
        <test-method signature="Id1()[pri:0, instance:com.Xalts.Assignment.TestCases@436813f3]" started-at="2025-03-21T02:11:53 IST" name="Id1" description="Verify that a user can successfully sign up with a valid email and password." finished-at="2025-03-21T02:11:57 IST" duration-ms="3190" status="PASS">
          <reporter-output>
          </reporter-output>
        </test-method> <!-- Id1 -->
        <test-method is-config="true" signature="tearDown()[pri:0, instance:com.Xalts.Assignment.TestCases@436813f3]" started-at="2025-03-21T02:11:57 IST" name="tearDown" finished-at="2025-03-21T02:11:57 IST" duration-ms="164" status="PASS">
          <reporter-output>
          </reporter-output>
        </test-method> <!-- tearDown -->
        <test-method is-config="true" signature="setUp()[pri:0, instance:com.Xalts.Assignment.TestCases@436813f3]" started-at="2025-03-21T02:11:57 IST" name="setUp" finished-at="2025-03-21T02:11:58 IST" duration-ms="1385" status="PASS">
          <reporter-output>
          </reporter-output>
        </test-method> <!-- setUp -->
        <test-method signature="Id2()[pri:0, instance:com.Xalts.Assignment.TestCases@436813f3]" started-at="2025-03-21T02:11:58 IST" name="Id2" description="Verify that the system shows an error message when the user enters an invalid email format." finished-at="2025-03-21T02:11:59 IST" duration-ms="994" status="PASS">
          <reporter-output>
          </reporter-output>
        </test-method> <!-- Id2 -->
        <test-method is-config="true" signature="tearDown()[pri:0, instance:com.Xalts.Assignment.TestCases@436813f3]" started-at="2025-03-21T02:11:59 IST" name="tearDown" finished-at="2025-03-21T02:11:59 IST" duration-ms="142" status="PASS">
          <reporter-output>
          </reporter-output>
        </test-method> <!-- tearDown -->
        <test-method is-config="true" signature="setUp()[pri:0, instance:com.Xalts.Assignment.TestCases@436813f3]" started-at="2025-03-21T02:11:59 IST" name="setUp" finished-at="2025-03-21T02:12:01 IST" duration-ms="1391" status="PASS">
          <reporter-output>
          </reporter-output>
        </test-method> <!-- setUp -->
        <test-method signature="Id3()[pri:0, instance:com.Xalts.Assignment.TestCases@436813f3]" started-at="2025-03-21T02:12:01 IST" name="Id3" description="Verify that the system displays an error message when the user enters a password that does not meet the criteria" finished-at="2025-03-21T02:12:02 IST" duration-ms="950" status="PASS">
          <reporter-output>
          </reporter-output>
        </test-method> <!-- Id3 -->
        <test-method is-config="true" signature="tearDown()[pri:0, instance:com.Xalts.Assignment.TestCases@436813f3]" started-at="2025-03-21T02:12:02 IST" name="tearDown" finished-at="2025-03-21T02:12:02 IST" duration-ms="191" status="PASS">
          <reporter-output>
          </reporter-output>
        </test-method> <!-- tearDown -->
        <test-method is-config="true" signature="setUp()[pri:0, instance:com.Xalts.Assignment.TestCases@436813f3]" started-at="2025-03-21T02:12:02 IST" name="setUp" finished-at="2025-03-21T02:12:03 IST" duration-ms="1330" status="PASS">
          <reporter-output>
          </reporter-output>
        </test-method> <!-- setUp -->
        <test-method signature="Id4()[pri:0, instance:com.Xalts.Assignment.TestCases@436813f3]" started-at="2025-03-21T02:12:03 IST" name="Id4" description="Verify that the system shows an error message when the user tries to sign up with an email that already exists in the system." finished-at="2025-03-21T02:12:09 IST" duration-ms="5768" status="PASS">
          <reporter-output>
          </reporter-output>
        </test-method> <!-- Id4 -->
        <test-method is-config="true" signature="tearDown()[pri:0, instance:com.Xalts.Assignment.TestCases@436813f3]" started-at="2025-03-21T02:12:09 IST" name="tearDown" finished-at="2025-03-21T02:12:09 IST" duration-ms="155" status="PASS">
          <reporter-output>
          </reporter-output>
        </test-method> <!-- tearDown -->
        <test-method is-config="true" signature="setUp()[pri:0, instance:com.Xalts.Assignment.TestCases@436813f3]" started-at="2025-03-21T02:12:09 IST" name="setUp" finished-at="2025-03-21T02:12:10 IST" duration-ms="1369" status="PASS">
          <reporter-output>
          </reporter-output>
        </test-method> <!-- setUp -->
        <test-method signature="Id5()[pri:0, instance:com.Xalts.Assignment.TestCases@436813f3]" started-at="2025-03-21T02:12:10 IST" name="Id5" description="verify that the Node ID field correctly validates the input format and accepts valid entries" finished-at="2025-03-21T02:12:14 IST" duration-ms="3359" status="PASS">
          <reporter-output>
          </reporter-output>
        </test-method> <!-- Id5 -->
        <test-method is-config="true" signature="tearDown()[pri:0, instance:com.Xalts.Assignment.TestCases@436813f3]" started-at="2025-03-21T02:12:14 IST" name="tearDown" finished-at="2025-03-21T02:12:14 IST" duration-ms="134" status="PASS">
          <reporter-output>
          </reporter-output>
        </test-method> <!-- tearDown -->
      </class> <!-- com.Xalts.Assignment.TestCases -->
    </test> <!-- Default test -->
  </suite> <!-- Default suite -->
</testng-results>
